<?xml version="1.0" encoding="UTF-8"?>
<!-- Generated by org.testng.reporters.JUnitReportReporter -->
<testsuite hostname="L-AI759611" failures="0" tests="1" name="com.execise.test.testTiresPOMPage_TC1_First_Way" time="0.721" errors="0" timestamp="2021-05-26T12:01:41 PDT" skipped="0">
  <testcase classname="com.execise.test.testTiresPOMPage_TC1_First_Way" name="testTiresPOMPage_TC1" time="0.721"/>
  <system-out/>
</testsuite> <!-- com.execise.test.testTiresPOMPage_TC1_First_Way -->
